<?xml version="1.0" encoding="UTF-8"?>
<testsuite name="com.employeepayroll.EmployeePayrollServiseTest" tests="1" skipped="0" failures="0" errors="0" timestamp="2021-04-01T19:19:15" hostname="DESKTOP-0QBG6NF" time="0.091">
  <properties/>
  <testcase name="given3EmployeesWhenWrittenToFileShouldMatchEmployeeEntries()" classname="com.employeepayroll.EmployeePayrollServiseTest" time="0.091"/>
  <system-out><![CDATA[]]></system-out>
  <system-err><![CDATA[]]></system-err>
</testsuite>
